<?xml version="1.0" encoding="UTF-8"?>
<!-- Generated by org.testng.reporters.JUnitReportReporter -->
<testsuite name="TngJut.TngTest.SSShots" tests="1" time="14.842" ignored="0" failures="0" timestamp="02 Nov 2017 20:19:45 GMT" skipped="0" hostname="Hemchand-PC" errors="0">
  <testcase name="f" time="14.842" classname="TngJut.TngTest.SSShots"/>
</testsuite> <!-- TngJut.TngTest.SSShots -->
