<?xml version="1.0" encoding="UTF-8"?>
<!-- Generated by org.testng.reporters.JUnitReportReporter -->
<testsuite name="TngJut.TngTest.HeadLessChromeBrow" tests="1" time="0.111" ignored="0" failures="0" timestamp="16 Nov 2017 18:25:51 GMT" skipped="0" hostname="Hemchand-PC" errors="0">
  <testcase name="launch" time="0.111" classname="TngJut.TngTest.HeadLessChromeBrow"/>
</testsuite> <!-- TngJut.TngTest.HeadLessChromeBrow -->
