<?xml version="1.0" encoding="UTF-8"?>
<!-- Generated by org.testng.reporters.JUnitReportReporter -->
<testsuite name="TngJut.TngTest.SpiceJEtTest" tests="1" time="21.009" ignored="0" failures="0" timestamp="20 Nov 2017 03:13:33 GMT" skipped="0" hostname="Hemchand-PC" errors="0">
  <testcase name="f" time="21.009" classname="TngJut.TngTest.SpiceJEtTest"/>
</testsuite> <!-- TngJut.TngTest.SpiceJEtTest -->
