<?xml version="1.0" encoding="UTF-8"?>
<!-- Generated by org.testng.reporters.JUnitReportReporter -->
<testsuite name="TngJut.TngTest.InformationCommands" tests="1" time="0.465" ignored="0" failures="0" timestamp="19 Nov 2017 01:51:20 GMT" skipped="0" hostname="Hemchand-PC" errors="0">
  <testcase name="businessScripts" time="0.465" classname="TngJut.TngTest.InformationCommands"/>
</testsuite> <!-- TngJut.TngTest.InformationCommands -->
