<?xml version="1.0" encoding="UTF-8"?>
<!-- Generated by org.testng.reporters.JUnitReportReporter -->
<testsuite name="RoboClassTest" tests="1" time="235.446" ignored="0" failures="0" timestamp="25 Nov 2017 00:37:50 GMT" skipped="0" hostname="Hemchand-PC" errors="0">
  <testcase name="f" time="235.446" classname="RoboClassTest"/>
</testsuite> <!-- RoboClassTest -->
