<?xml version="1.0" encoding="UTF-8"?>
<!-- Generated by org.testng.reporters.JUnitReportReporter -->
<testsuite name="TngJut.TngTest.AlerttestPrac" tests="1" time="7.811" ignored="0" failures="0" timestamp="19 Nov 2017 19:56:38 GMT" skipped="0" hostname="Hemchand-PC" errors="0">
  <testcase name="alerttest" time="7.811" classname="TngJut.TngTest.AlerttestPrac"/>
</testsuite> <!-- TngJut.TngTest.AlerttestPrac -->
