<?xml version="1.0" encoding="UTF-8"?>
<!-- Generated by org.testng.reporters.JUnitReportReporter -->
<testsuite name="TngJut.TngTest.FlipkartTestCase" tests="1" time="5.901" ignored="0" failures="0" timestamp="08 Nov 2017 17:23:07 GMT" skipped="0" hostname="Hemchand-PC" errors="0">
  <testcase name="business_Scripts" time="5.901" classname="TngJut.TngTest.FlipkartTestCase"/>
</testsuite> <!-- TngJut.TngTest.FlipkartTestCase -->
