<?xml version="1.0" encoding="UTF-8"?>
<!-- Generated by org.testng.reporters.JUnitReportReporter -->
<testsuite name="TngJut.TngTest.ScreenShots" tests="1" time="18.033" ignored="0" failures="0" timestamp="02 Nov 2017 19:57:31 GMT" skipped="0" hostname="Hemchand-PC" errors="0">
  <testcase name="launch" time="18.033" classname="TngJut.TngTest.ScreenShots"/>
</testsuite> <!-- TngJut.TngTest.ScreenShots -->
