<?xml version="1.0" encoding="UTF-8"?>
<!-- Generated by org.testng.reporters.JUnitReportReporter -->
<testsuite name="com.testhtml.pages.LoginPageTestSuite" tests="1" time="4.642" ignored="0" failures="0" timestamp="29 Nov 2017 16:27:01 GMT" skipped="0" hostname="Hemchand-PC" errors="0">
  <testcase name="VerifytestForm" time="4.642" classname="com.testhtml.pages.LoginPageTestSuite"/>
</testsuite> <!-- com.testhtml.pages.LoginPageTestSuite -->
