<?xml version="1.0" encoding="UTF-8"?>
<!-- Generated by org.testng.reporters.JUnitReportReporter -->
<testsuite name="TngJut.TngTest.AmazonPracTest" tests="1" time="4.463" ignored="0" failures="0" timestamp="20 Nov 2017 02:42:11 GMT" skipped="0" hostname="Hemchand-PC" errors="0">
  <testcase name="f" time="4.463" classname="TngJut.TngTest.AmazonPracTest"/>
</testsuite> <!-- TngJut.TngTest.AmazonPracTest -->
