<?xml version="1.0" encoding="UTF-8"?>
<!-- Generated by org.testng.reporters.JUnitReportReporter -->
<testsuite name="TngJut.TngTest.ScreenShots_Google" tests="1" time="3.244" ignored="0" failures="0" timestamp="06 Nov 2017 15:29:58 GMT" skipped="0" hostname="Hemchand-PC" errors="0">
  <testcase name="amazonIndiaTest" time="3.244" classname="TngJut.TngTest.ScreenShots_Google"/>
</testsuite> <!-- TngJut.TngTest.ScreenShots_Google -->
