<?xml version="1.0" encoding="UTF-8"?>
<!-- Generated by org.testng.reporters.JUnitReportReporter -->
<testsuite name="TngJut.TngTest.NewTest2" tests="1" time="0.826" ignored="0" failures="0" timestamp="31 Oct 2017 18:49:41 GMT" skipped="0" hostname="Hemchand-PC" errors="0">
  <testcase name="afterLaunch" time="0.826" classname="TngJut.TngTest.NewTest2"/>
</testsuite> <!-- TngJut.TngTest.NewTest2 -->
