<?xml version="1.0" encoding="UTF-8"?>
<!-- Generated by org.testng.reporters.JUnitReportReporter -->
<testsuite name="TngJut.TngTest.HeadLessBrowTest" tests="1" time="0.168" ignored="0" failures="0" timestamp="16 Nov 2017 20:02:24 GMT" skipped="0" hostname="Hemchand-PC" errors="0">
  <testcase name="login" time="0.168" classname="TngJut.TngTest.HeadLessBrowTest"/>
</testsuite> <!-- TngJut.TngTest.HeadLessBrowTest -->
