<?xml version="1.0" encoding="UTF-8"?>
<!-- Generated by org.testng.reporters.JUnitReportReporter -->
<testsuite name="TngJut.TngTest.Grouptestp_test" tests="2" time="0.018" ignored="3" failures="0" timestamp="19 Nov 2017 20:40:50 GMT" skipped="0" hostname="Hemchand-PC" errors="0">
  <testcase name="f2" time="0.002" classname="TngJut.TngTest.Grouptestp_test"/>
  <testcase name="g" time="0.016" classname="TngJut.TngTest.Grouptestp_test"/>
  <testcase name="f" classname="TngJut.TngTest.Grouptestp_test">
    <skipped/>
  </testcase> <!-- f -->
  <testcase name="f1" classname="TngJut.TngTest.Grouptestp_test">
    <skipped/>
  </testcase> <!-- f1 -->
  <testcase name="f3" classname="TngJut.TngTest.Grouptestp_test">
    <skipped/>
  </testcase> <!-- f3 -->
</testsuite> <!-- TngJut.TngTest.Grouptestp_test -->
